#
# A fatal error has been detected by the Java Runtime Environment:
#
#  EXCEPTION_ACCESS_VIOLATION (0xc0000005) at pc=0x00000000596400aa, pid=3868, tid=0x00000000000056a4
#
# JRE version: Java(TM) SE Runtime Environment (8.0_181-b13) (build 1.8.0_181-b13)
# Java VM: Java HotSpot(TM) 64-Bit Server VM (25.181-b13 mixed mode windows-amd64 compressed oops)
# Problematic frame:
# V  [jvm.dll+0x4000aa]
#
# Failed to write core dump. Minidumps are not enabled by default on client versions of Windows
#
# If you would like to submit a bug report, please visit:
#   http://bugreport.java.com/bugreport/crash.jsp
#

---------------  T H R E A D  ---------------

Current thread (0x0000000002bc8000):  GCTaskThread [stack: 0x0000000012c10000,0x0000000012d10000] [id=22180]

siginfo: ExceptionCode=0xc0000005, reading address 0xffffffffffffffff

Registers:
RAX=0x00001ffffffffbfa, RBX=0x00009fffffffebe2, RCX=0x0000000059a62d80, RDX=0x0000000061336e38
RSP=0x0000000012d0f2d0, RBP=0x0000000059a62d80, RSI=0x0000000002a60000, RDI=0x0000000061336e38
R8 =0x0000000082096eb8, R9 =0x00000001000067b8, R10=0x0000000000000000, R11=0x0000000082096eb8
R12=0x0000000082096eb8, R13=0x0000000000000004, R14=0x00000000e1380000, R15=0x0000000012d0f3f8
RIP=0x00000000596400aa, EFLAGS=0x0000000000010a06

Top of Stack: (sp=0x0000000012d0f2d0)
0x0000000012d0f2d0:   0000000000005ada 0000000059a62d80
0x0000000012d0f2e0:   0000000002a60000 0000000059a62d80
0x0000000012d0f2f0:   0000000082096eb8 00000001000069d8
0x0000000012d0f300:   0000000082096ec8 000000005934ab16
0x0000000012d0f310:   000000000000000a 0000000082096ec4
0x0000000012d0f320:   00000001000069e8 0000000082096a04
0x0000000012d0f330:   0000000000000bfa 0000000059a62d00
0x0000000012d0f340:   0000000000000004 0000000059641259
0x0000000012d0f350:   0000000012d0f3f8 000000000bfb0000
0x0000000012d0f360:   000000000bfa6dc6 000000005963fb65
0x0000000012d0f370:   000000000bfb0000 000000005963678d
0x0000000012d0f380:   000000000bfa6dc3 0000000059641169
0x0000000012d0f390:   0000000000000002 000000005964108f
0x0000000012d0f3a0:   00000000e1c78f90 00000000e1380000
0x0000000012d0f3b0:   0000000000000bfa 0000000000000002
0x0000000012d0f3c0:   0000000002a60000 0000000059642554 

Instructions: (pc=0x00000000596400aa)
0x000000005964008a:   56 57 41 54 48 83 ec 20 48 8b 71 18 48 8b c2 48
0x000000005964009a:   8b fa 48 2b 01 48 8b e9 48 c1 e8 13 48 8d 1c 80
0x00000000596400aa:   44 8b 44 de 1c 8b 44 de 18 4c 8b 24 de 41 81 e0
0x00000000596400ba:   ff ff ff 07 4c 03 c0 49 81 f8 00 00 01 00 75 09 


Register to memory mapping:

RAX=0x00001ffffffffbfa is an unknown value
RBX=0x00009fffffffebe2 is an unknown value
RCX=0x0000000059a62d80 is an unknown value
RDX=0x0000000061336e38 is an unknown value
RSP=0x0000000012d0f2d0 is an unknown value
RBP=0x0000000059a62d80 is an unknown value
RSI=0x0000000002a60000 is an unknown value
RDI=0x0000000061336e38 is an unknown value
R8 =0x0000000082096eb8 is an oop
java.lang.ref.ReferenceQueue 
 - klass: 'java/lang/ref/ReferenceQueue'
R9 =0x00000001000067b8 is pointing into metadata
R10=0x0000000000000000 is an unknown value
R11=0x0000000082096eb8 is an oop
java.lang.ref.ReferenceQueue 
 - klass: 'java/lang/ref/ReferenceQueue'
R12=0x0000000082096eb8 is an oop
java.lang.ref.ReferenceQueue 
 - klass: 'java/lang/ref/ReferenceQueue'
R13=0x0000000000000004 is an unknown value
R14=0x00000000e1380000 is an oop
[I 
 - klass: {type array int}
 - length: 0
R15=0x0000000012d0f3f8 is an unknown value


Stack: [0x0000000012c10000,0x0000000012d10000],  sp=0x0000000012d0f2d0,  free space=1020k
Native frames: (J=compiled Java code, j=interpreted, Vv=VM code, C=native code)
V  [jvm.dll+0x4000aa]
V  [jvm.dll+0x10ab16]
V  [jvm.dll+0x401259]
V  [jvm.dll+0x3f678d]
V  [jvm.dll+0x402554]
V  [jvm.dll+0x3f78bd]
V  [jvm.dll+0x3f4dde]
V  [jvm.dll+0x29e64a]
C  [msvcr100.dll+0x21d9f]
C  [msvcr100.dll+0x21e3b]
C  [KERNEL32.DLL+0x126bd]
C  [ntdll.dll+0x5dfb8]


---------------  P R O C E S S  ---------------

Java Threads: ( => current thread )
  0x000000001b845800 JavaThread "Keep-Alive-Timer" daemon [_thread_blocked, id=19168, stack(0x000000001d090000,0x000000001d190000)]
  0x0000000019bfe000 JavaThread "Service Thread" daemon [_thread_blocked, id=2196, stack(0x000000001a730000,0x000000001a830000)]
  0x0000000019b65000 JavaThread "C1 CompilerThread3" daemon [_thread_blocked, id=22860, stack(0x000000001a630000,0x000000001a730000)]
  0x0000000019b5e000 JavaThread "C2 CompilerThread2" daemon [_thread_blocked, id=24964, stack(0x000000001a530000,0x000000001a630000)]
  0x0000000019b55800 JavaThread "C2 CompilerThread1" daemon [_thread_blocked, id=25872, stack(0x000000001a430000,0x000000001a530000)]
  0x0000000019b53800 JavaThread "C2 CompilerThread0" daemon [_thread_blocked, id=25836, stack(0x000000001a330000,0x000000001a430000)]
  0x0000000019b51000 JavaThread "Attach Listener" daemon [_thread_blocked, id=7888, stack(0x000000001a230000,0x000000001a330000)]
  0x0000000019b50000 JavaThread "Signal Dispatcher" daemon [_thread_blocked, id=26532, stack(0x000000001a130000,0x000000001a230000)]
  0x0000000017c56000 JavaThread "Finalizer" daemon [_thread_blocked, id=13504, stack(0x0000000019f20000,0x000000001a020000)]
  0x0000000017c4f000 JavaThread "Reference Handler" daemon [_thread_blocked, id=21120, stack(0x0000000019a20000,0x0000000019b20000)]
  0x0000000002ba9000 JavaThread "main" [_thread_blocked, id=10980, stack(0x0000000002aa0000,0x0000000002ba0000)]

Other Threads:
  0x0000000017c47800 VMThread [stack: 0x0000000019920000,0x0000000019a20000] [id=25820]
  0x0000000019c01800 WatcherThread [stack: 0x000000001a830000,0x000000001a930000] [id=15352]

=>0x0000000002bc8000 (exited) GCTaskThread [stack: 0x0000000012c10000,0x0000000012d10000] [id=22180]

VM state:at safepoint (normal execution)

VM Mutex/Monitor currently owned by a thread:  ([mutex/lock_event])
[0x0000000002ba6820] Threads_lock - owner thread: 0x0000000017c47800
[0x0000000002ba6f20] Heap_lock - owner thread: 0x0000000002ba9000

Heap:
 PSYoungGen      total 180224K, used 12771K [0x00000000d5d00000, 0x00000000e1e80000, 0x0000000100000000)
  eden space 167424K, 0% used [0x00000000d5d00000,0x00000000d5d00000,0x00000000e0080000)
  from space 12800K, 99% used [0x00000000e1000000,0x00000000e1c78f90,0x00000000e1c80000)
  to   space 15360K, 0% used [0x00000000e0080000,0x00000000e0080000,0x00000000e0f80000)
 ParOldGen       total 58880K, used 15495K [0x0000000081600000, 0x0000000084f80000, 0x00000000d5d00000)
  object space 58880K, 26% used [0x0000000081600000,0x0000000082521e90,0x0000000084f80000)
 Metaspace       used 33292K, capacity 35316K, committed 35456K, reserved 1079296K
  class space    used 4473K, capacity 4872K, committed 4992K, reserved 1048576K

Card table byte_map: [0x0000000012060000,0x0000000012460000] byte_map_base: 0x0000000011c55000

Marking Bits: (ParMarkBitMap*) 0x0000000059a62d00
 Begin Bits: [0x0000000012f10000, 0x0000000014eb8000)
 End Bits:   [0x0000000014eb8000, 0x0000000016e60000)

Polling page: 0x00000000028a0000

CodeCache: size=245760Kb used=7287Kb max_used=7287Kb free=238473Kb
 bounds [0x0000000002ca0000, 0x00000000033c0000, 0x0000000011ca0000]
 total_blobs=4075 nmethods=3629 adapters=358
 compilation: enabled

Compilation events (10 events):
Event: 11.881 Thread 0x0000000019b65000 3674       1       java.lang.invoke.InnerClassLambdaMetafactory$1::run (5 bytes)
Event: 11.881 Thread 0x0000000019b65000 nmethod 3674 0x00000000033bc850 code [0x00000000033bca00, 0x00000000033bcc58]
Event: 11.882 Thread 0x0000000019b65000 3676       1       java.lang.invoke.MemberName::equals (24 bytes)
Event: 11.882 Thread 0x0000000019b65000 nmethod 3676 0x00000000033bced0 code [0x00000000033bd040, 0x00000000033bd208]
Event: 11.886 Thread 0x0000000019b65000 3677       1       io.micrometer.core.instrument.Meter$Id::getName (5 bytes)
Event: 11.886 Thread 0x0000000019b65000 nmethod 3677 0x00000000033bd290 code [0x00000000033bd3e0, 0x00000000033bd4f0]
Event: 11.889 Thread 0x0000000019b65000 3679       1       java.lang.invoke.DirectMethodHandle$Special::isInvokeSpecial (2 bytes)
Event: 11.890 Thread 0x0000000019b65000 nmethod 3679 0x00000000033bd6d0 code [0x00000000033bd820, 0x00000000033bd930]
Event: 11.898 Thread 0x0000000019b65000 3680       1       org.springframework.boot.context.properties.ConfigurationPropertiesBean::findMergedAnnotation (24 bytes)
Event: 11.899 Thread 0x0000000019b65000 nmethod 3680 0x00000000033bd990 code [0x00000000033bdb20, 0x00000000033bde38]

GC Heap History (10 events):
Event: 5.902 GC heap after
Heap after GC invocations=5 (full 1):
 PSYoungGen      total 71680K, used 0K [0x00000000d5d00000, 0x00000000da800000, 0x0000000100000000)
  eden space 66560K, 0% used [0x00000000d5d00000,0x00000000d5d00000,0x00000000d9e00000)
  from space 5120K, 0% used [0x00000000da300000,0x00000000da300000,0x00000000da800000)
  to   space 5120K, 0% used [0x00000000d9e00000,0x00000000d9e00000,0x00000000da300000)
 ParOldGen       total 58880K, used 7654K [0x0000000081600000, 0x0000000084f80000, 0x00000000d5d00000)
  object space 58880K, 13% used [0x0000000081600000,0x0000000081d799d0,0x0000000084f80000)
 Metaspace       used 20199K, capacity 21232K, committed 21296K, reserved 1067008K
  class space    used 2657K, capacity 2896K, committed 2944K, reserved 1048576K
}
Event: 6.934 GC heap before
{Heap before GC invocations=6 (full 1):
 PSYoungGen      total 71680K, used 66560K [0x00000000d5d00000, 0x00000000da800000, 0x0000000100000000)
  eden space 66560K, 100% used [0x00000000d5d00000,0x00000000d9e00000,0x00000000d9e00000)
  from space 5120K, 0% used [0x00000000da300000,0x00000000da300000,0x00000000da800000)
  to   space 5120K, 0% used [0x00000000d9e00000,0x00000000d9e00000,0x00000000da300000)
 ParOldGen       total 58880K, used 7654K [0x0000000081600000, 0x0000000084f80000, 0x00000000d5d00000)
  object space 58880K, 13% used [0x0000000081600000,0x0000000081d799d0,0x0000000084f80000)
 Metaspace       used 21992K, capacity 23216K, committed 23424K, reserved 1069056K
  class space    used 2896K, capacity 3152K, committed 3200K, reserved 1048576K
Event: 6.940 GC heap after
Heap after GC invocations=6 (full 1):
 PSYoungGen      total 71680K, used 5110K [0x00000000d5d00000, 0x00000000dd480000, 0x0000000100000000)
  eden space 66560K, 0% used [0x00000000d5d00000,0x00000000d5d00000,0x00000000d9e00000)
  from space 5120K, 99% used [0x00000000d9e00000,0x00000000da2fd988,0x00000000da300000)
  to   space 9216K, 0% used [0x00000000dcb80000,0x00000000dcb80000,0x00000000dd480000)
 ParOldGen       total 58880K, used 8888K [0x0000000081600000, 0x0000000084f80000, 0x00000000d5d00000)
  object space 58880K, 15% used [0x0000000081600000,0x0000000081eae368,0x0000000084f80000)
 Metaspace       used 21992K, capacity 23216K, committed 23424K, reserved 1069056K
  class space    used 2896K, capacity 3152K, committed 3200K, reserved 1048576K
}
Event: 7.618 GC heap before
{Heap before GC invocations=7 (full 1):
 PSYoungGen      total 71680K, used 71670K [0x00000000d5d00000, 0x00000000dd480000, 0x0000000100000000)
  eden space 66560K, 100% used [0x00000000d5d00000,0x00000000d9e00000,0x00000000d9e00000)
  from space 5120K, 99% used [0x00000000d9e00000,0x00000000da2fd988,0x00000000da300000)
  to   space 9216K, 0% used [0x00000000dcb80000,0x00000000dcb80000,0x00000000dd480000)
 ParOldGen       total 58880K, used 8888K [0x0000000081600000, 0x0000000084f80000, 0x00000000d5d00000)
  object space 58880K, 15% used [0x0000000081600000,0x0000000081eae368,0x0000000084f80000)
 Metaspace       used 23848K, capacity 25100K, committed 25344K, reserved 1071104K
  class space    used 3178K, capacity 3466K, committed 3584K, reserved 1048576K
Event: 7.627 GC heap after
Heap after GC invocations=7 (full 1):
 PSYoungGen      total 112640K, used 8356K [0x00000000d5d00000, 0x00000000dd780000, 0x0000000100000000)
  eden space 103424K, 0% used [0x00000000d5d00000,0x00000000d5d00000,0x00000000dc200000)
  from space 9216K, 90% used [0x00000000dcb80000,0x00000000dd3a90b0,0x00000000dd480000)
  to   space 9728K, 0% used [0x00000000dc200000,0x00000000dc200000,0x00000000dcb80000)
 ParOldGen       total 58880K, used 8896K [0x0000000081600000, 0x0000000084f80000, 0x00000000d5d00000)
  object space 58880K, 15% used [0x0000000081600000,0x0000000081eb0368,0x0000000084f80000)
 Metaspace       used 23848K, capacity 25100K, committed 25344K, reserved 1071104K
  class space    used 3178K, capacity 3466K, committed 3584K, reserved 1048576K
}
Event: 9.257 GC heap before
{Heap before GC invocations=8 (full 1):
 PSYoungGen      total 112640K, used 111780K [0x00000000d5d00000, 0x00000000dd780000, 0x0000000100000000)
  eden space 103424K, 100% used [0x00000000d5d00000,0x00000000dc200000,0x00000000dc200000)
  from space 9216K, 90% used [0x00000000dcb80000,0x00000000dd3a90b0,0x00000000dd480000)
  to   space 9728K, 0% used [0x00000000dc200000,0x00000000dc200000,0x00000000dcb80000)
 ParOldGen       total 58880K, used 8896K [0x0000000081600000, 0x0000000084f80000, 0x00000000d5d00000)
  object space 58880K, 15% used [0x0000000081600000,0x0000000081eb0368,0x0000000084f80000)
 Metaspace       used 29324K, capacity 31054K, committed 31232K, reserved 1077248K
  class space    used 3964K, capacity 4321K, committed 4352K, reserved 1048576K
Event: 9.295 GC heap after
Heap after GC invocations=8 (full 1):
 PSYoungGen      total 113152K, used 9726K [0x00000000d5d00000, 0x00000000e1c80000, 0x0000000100000000)
  eden space 103424K, 0% used [0x00000000d5d00000,0x00000000d5d00000,0x00000000dc200000)
  from space 9728K, 99% used [0x00000000dc200000,0x00000000dcb7f990,0x00000000dcb80000)
  to   space 12800K, 0% used [0x00000000e1000000,0x00000000e1000000,0x00000000e1c80000)
 ParOldGen       total 58880K, used 13156K [0x0000000081600000, 0x0000000084f80000, 0x00000000d5d00000)
  object space 58880K, 22% used [0x0000000081600000,0x00000000822d93e0,0x0000000084f80000)
 Metaspace       used 29324K, capacity 31054K, committed 31232K, reserved 1077248K
  class space    used 3964K, capacity 4321K, committed 4352K, reserved 1048576K
}
Event: 11.901 GC heap before
{Heap before GC invocations=9 (full 1):
 PSYoungGen      total 113152K, used 97822K [0x00000000d5d00000, 0x00000000e1c80000, 0x0000000100000000)
  eden space 103424K, 85% used [0x00000000d5d00000,0x00000000db308010,0x00000000dc200000)
  from space 9728K, 99% used [0x00000000dc200000,0x00000000dcb7f990,0x00000000dcb80000)
  to   space 12800K, 0% used [0x00000000e1000000,0x00000000e1000000,0x00000000e1c80000)
 ParOldGen       total 58880K, used 13156K [0x0000000081600000, 0x0000000084f80000, 0x00000000d5d00000)
  object space 58880K, 22% used [0x0000000081600000,0x00000000822d93e0,0x0000000084f80000)
 Metaspace       used 33292K, capacity 35316K, committed 35456K, reserved 1079296K
  class space    used 4473K, capacity 4872K, committed 4992K, reserved 1048576K
Event: 11.920 GC heap after
Heap after GC invocations=9 (full 1):
 PSYoungGen      total 180224K, used 12771K [0x00000000d5d00000, 0x00000000e1e80000, 0x0000000100000000)
  eden space 167424K, 0% used [0x00000000d5d00000,0x00000000d5d00000,0x00000000e0080000)
  from space 12800K, 99% used [0x00000000e1000000,0x00000000e1c78f90,0x00000000e1c80000)
  to   space 15360K, 0% used [0x00000000e0080000,0x00000000e0080000,0x00000000e0f80000)
 ParOldGen       total 58880K, used 15495K [0x0000000081600000, 0x0000000084f80000, 0x00000000d5d00000)
  object space 58880K, 26% used [0x0000000081600000,0x0000000082521e90,0x0000000084f80000)
 Metaspace       used 33292K, capacity 35316K, committed 35456K, reserved 1079296K
  class space    used 4473K, capacity 4872K, committed 4992K, reserved 1048576K
}
Event: 11.920 GC heap before
{Heap before GC invocations=10 (full 2):
 PSYoungGen      total 180224K, used 12771K [0x00000000d5d00000, 0x00000000e1e80000, 0x0000000100000000)
  eden space 167424K, 0% used [0x00000000d5d00000,0x00000000d5d00000,0x00000000e0080000)
  from space 12800K, 99% used [0x00000000e1000000,0x00000000e1c78f90,0x00000000e1c80000)
  to   space 15360K, 0% used [0x00000000e0080000,0x00000000e0080000,0x00000000e0f80000)
 ParOldGen       total 58880K, used 15495K [0x0000000081600000, 0x0000000084f80000, 0x00000000d5d00000)
  object space 58880K, 26% used [0x0000000081600000,0x0000000082521e90,0x0000000084f80000)
 Metaspace       used 33292K, capacity 35316K, committed 35456K, reserved 1079296K
  class space    used 4473K, capacity 4872K, committed 4992K, reserved 1048576K

Deoptimization events (0 events):
No events

Classes redefined (0 events):
No events

Internal exceptions (10 events):
Event: 11.551 Thread 0x0000000002ba9000 Exception <a 'java/lang/ArrayIndexOutOfBoundsException'> (0x00000000d9b2a790) thrown at [C:\re\workspace\8-2-build-windows-amd64-cygwin\jdk8u181\11358\hotspot\src\share\vm\runtime\sharedRuntime.cpp, line 605]
Event: 11.551 Thread 0x0000000002ba9000 Exception <a 'java/lang/ArrayIndexOutOfBoundsException'> (0x00000000d9b2e468) thrown at [C:\re\workspace\8-2-build-windows-amd64-cygwin\jdk8u181\11358\hotspot\src\share\vm\runtime\sharedRuntime.cpp, line 605]
Event: 11.551 Thread 0x0000000002ba9000 Exception <a 'java/lang/ArrayIndexOutOfBoundsException'> (0x00000000d9b34a98) thrown at [C:\re\workspace\8-2-build-windows-amd64-cygwin\jdk8u181\11358\hotspot\src\share\vm\runtime\sharedRuntime.cpp, line 605]
Event: 11.551 Thread 0x0000000002ba9000 Exception <a 'java/lang/ArrayIndexOutOfBoundsException'> (0x00000000d9b3a698) thrown at [C:\re\workspace\8-2-build-windows-amd64-cygwin\jdk8u181\11358\hotspot\src\share\vm\runtime\sharedRuntime.cpp, line 605]
Event: 11.552 Thread 0x0000000002ba9000 Exception <a 'java/lang/ArrayIndexOutOfBoundsException'> (0x00000000d9b852b8) thrown at [C:\re\workspace\8-2-build-windows-amd64-cygwin\jdk8u181\11358\hotspot\src\share\vm\runtime\sharedRuntime.cpp, line 605]
Event: 11.554 Thread 0x0000000002ba9000 Exception <a 'java/lang/ArrayIndexOutOfBoundsException'> (0x00000000d9bb4690) thrown at [C:\re\workspace\8-2-build-windows-amd64-cygwin\jdk8u181\11358\hotspot\src\share\vm\runtime\sharedRuntime.cpp, line 605]
Event: 11.580 Thread 0x0000000002ba9000 Exception <a 'java/lang/ArrayIndexOutOfBoundsException'> (0x00000000d9eb0e18) thrown at [C:\re\workspace\8-2-build-windows-amd64-cygwin\jdk8u181\11358\hotspot\src\share\vm\runtime\sharedRuntime.cpp, line 605]
Event: 11.580 Thread 0x0000000002ba9000 Exception <a 'java/lang/ArrayIndexOutOfBoundsException'> (0x00000000d9eb7cf8) thrown at [C:\re\workspace\8-2-build-windows-amd64-cygwin\jdk8u181\11358\hotspot\src\share\vm\runtime\sharedRuntime.cpp, line 605]
Event: 11.581 Thread 0x0000000002ba9000 Exception <a 'java/lang/ArrayIndexOutOfBoundsException'> (0x00000000d9edfc48) thrown at [C:\re\workspace\8-2-build-windows-amd64-cygwin\jdk8u181\11358\hotspot\src\share\vm\runtime\sharedRuntime.cpp, line 605]
Event: 11.811 Thread 0x0000000002ba9000 Exception <a 'java/lang/ArrayIndexOutOfBoundsException'> (0x00000000daa81c90) thrown at [C:\re\workspace\8-2-build-windows-amd64-cygwin\jdk8u181\11358\hotspot\src\share\vm\runtime\sharedRuntime.cpp, line 605]

Events (10 events):
Event: 11.894 loading class io/micrometer/core/instrument/composite/CompositeMeterRegistry done
Event: 11.894 loading class java/util/IdentityHashMap$KeyIterator
Event: 11.894 loading class java/util/IdentityHashMap$KeyIterator done
Event: 11.894 loading class io/micrometer/core/instrument/composite/CompositeMeterRegistry
Event: 11.894 loading class io/micrometer/core/instrument/composite/CompositeMeterRegistry done
Event: 11.894 loading class io/micrometer/core/instrument/composite/CompositeMeterRegistry
Event: 11.894 loading class io/micrometer/core/instrument/composite/CompositeMeterRegistry done
Event: 11.896 loading class org/springframework/boot/actuate/metrics/web/servlet/WebMvcTagsContributor
Event: 11.896 loading class org/springframework/boot/actuate/metrics/web/servlet/WebMvcTagsContributor done
Event: 11.900 Executing VM operation: CollectForMetadataAllocation


Dynamic libraries:
0x00007ff6fa690000 - 0x00007ff6fa6c7000 	C:\Program Files\Java\jdk1.8.0_181\jre\bin\java.exe
0x00007ffac5ff0000 - 0x00007ffac6204000 	C:\WINDOWS\SYSTEM32\ntdll.dll
0x00007ffac54c0000 - 0x00007ffac5583000 	C:\WINDOWS\System32\KERNEL32.DLL
0x00007ffac35d0000 - 0x00007ffac396c000 	C:\WINDOWS\System32\KERNELBASE.dll
0x00007ffac5a30000 - 0x00007ffac5ade000 	C:\WINDOWS\System32\ADVAPI32.dll
0x00007ffac4700000 - 0x00007ffac47a7000 	C:\WINDOWS\System32\msvcrt.dll
0x00007ffac5800000 - 0x00007ffac58a4000 	C:\WINDOWS\System32\sechost.dll
0x00007ffac51f0000 - 0x00007ffac5305000 	C:\WINDOWS\System32\RPCRT4.dll
0x00007ffac5310000 - 0x00007ffac54bd000 	C:\WINDOWS\System32\USER32.dll
0x00007ffac3bf0000 - 0x00007ffac3c16000 	C:\WINDOWS\System32\win32u.dll
0x00007ffac57b0000 - 0x00007ffac57d9000 	C:\WINDOWS\System32\GDI32.dll
0x00007ffac34b0000 - 0x00007ffac35c2000 	C:\WINDOWS\System32\gdi32full.dll
0x00007ffac3970000 - 0x00007ffac3a0a000 	C:\WINDOWS\System32\msvcp_win.dll
0x00007ffac3ad0000 - 0x00007ffac3be1000 	C:\WINDOWS\System32\ucrtbase.dll
0x00007ffabc0b0000 - 0x00007ffabc33e000 	C:\WINDOWS\WinSxS\amd64_microsoft.windows.common-controls_6595b64144ccf1df_6.0.22621.608_none_a9444ca7c10bb01d\COMCTL32.dll
0x00007ffac5ae0000 - 0x00007ffac5b12000 	C:\WINDOWS\System32\IMM32.DLL
0x000000005b770000 - 0x000000005b842000 	C:\Program Files\Java\jdk1.8.0_181\jre\bin\msvcr100.dll
0x0000000059240000 - 0x0000000059ae2000 	C:\Program Files\Java\jdk1.8.0_181\jre\bin\server\jvm.dll
0x00007ffac4fd0000 - 0x00007ffac4fd8000 	C:\WINDOWS\System32\PSAPI.DLL
0x00007ffab5080000 - 0x00007ffab5089000 	C:\WINDOWS\SYSTEM32\WSOCK32.dll
0x00007ffab8b20000 - 0x00007ffab8b54000 	C:\WINDOWS\SYSTEM32\WINMM.dll
0x00007ffaba9f0000 - 0x00007ffaba9fa000 	C:\WINDOWS\SYSTEM32\VERSION.dll
0x00007ffac5670000 - 0x00007ffac56e1000 	C:\WINDOWS\System32\WS2_32.dll
0x000000005c260000 - 0x000000005c26f000 	C:\Program Files\Java\jdk1.8.0_181\jre\bin\verify.dll
0x000000005c230000 - 0x000000005c259000 	C:\Program Files\Java\jdk1.8.0_181\jre\bin\java.dll
0x000000005c210000 - 0x000000005c226000 	C:\Program Files\Java\jdk1.8.0_181\jre\bin\zip.dll
0x00007ffac3e00000 - 0x00007ffac45ef000 	C:\WINDOWS\System32\SHELL32.dll
0x00007ffac12f0000 - 0x00007ffac1bb8000 	C:\WINDOWS\SYSTEM32\windows.storage.dll
0x00007ffac5b20000 - 0x00007ffac5eaa000 	C:\WINDOWS\System32\combase.dll
0x00007ffac11b0000 - 0x00007ffac12ee000 	C:\WINDOWS\SYSTEM32\wintypes.dll
0x00007ffac5eb0000 - 0x00007ffac5fa1000 	C:\WINDOWS\System32\SHCORE.dll
0x00007ffac58b0000 - 0x00007ffac590e000 	C:\WINDOWS\System32\shlwapi.dll
0x00007ffac3360000 - 0x00007ffac3381000 	C:\WINDOWS\SYSTEM32\profapi.dll
0x000000005c1f0000 - 0x000000005c20a000 	C:\Program Files\Java\jdk1.8.0_181\jre\bin\net.dll
0x00007ffac28a0000 - 0x00007ffac2909000 	C:\WINDOWS\system32\mswsock.dll
0x00007ffac1f80000 - 0x00007ffac1fad000 	C:\WINDOWS\SYSTEM32\IPHLPAPI.DLL
0x00007ffac56f0000 - 0x00007ffac56f9000 	C:\WINDOWS\System32\NSI.dll
0x00007ffab8a70000 - 0x00007ffab8a89000 	C:\WINDOWS\SYSTEM32\dhcpcsvc6.DLL
0x00007ffab8880000 - 0x00007ffab889f000 	C:\WINDOWS\SYSTEM32\dhcpcsvc.DLL
0x00007ffac1fc0000 - 0x00007ffac20b3000 	C:\WINDOWS\SYSTEM32\DNSAPI.dll
0x00007ffab26a0000 - 0x00007ffab26aa000 	C:\Windows\System32\rasadhlp.dll
0x00007ffab4860000 - 0x00007ffab48e3000 	C:\WINDOWS\System32\fwpuclnt.dll
0x000000005c1c0000 - 0x000000005c1cd000 	C:\Program Files\Java\jdk1.8.0_181\jre\bin\management.dll
0x00007ffaaaaf0000 - 0x00007ffaaab07000 	C:\WINDOWS\system32\napinsp.dll
0x00007ffaaaad0000 - 0x00007ffaaaaeb000 	C:\WINDOWS\system32\pnrpnsp.dll
0x00007ffaa9f10000 - 0x00007ffaa9f21000 	C:\WINDOWS\System32\winrnr.dll
0x00007ffaa9d50000 - 0x00007ffaa9d65000 	C:\WINDOWS\system32\wshbth.dll
0x00007ffaa9d20000 - 0x00007ffaa9d41000 	C:\WINDOWS\system32\nlansp_c.dll
0x000000005c1d0000 - 0x000000005c1e1000 	C:\Program Files\Java\jdk1.8.0_181\jre\bin\nio.dll
0x00007ffac2bc0000 - 0x00007ffac2bdb000 	C:\WINDOWS\SYSTEM32\CRYPTSP.dll
0x00007ffac23b0000 - 0x00007ffac23e5000 	C:\WINDOWS\system32\rsaenh.dll
0x00007ffac2940000 - 0x00007ffac2968000 	C:\WINDOWS\SYSTEM32\USERENV.dll
0x00007ffac2ce0000 - 0x00007ffac2d08000 	C:\WINDOWS\SYSTEM32\bcrypt.dll
0x00007ffac3430000 - 0x00007ffac34ab000 	C:\WINDOWS\System32\bcryptprimitives.dll
0x00007ffac2ba0000 - 0x00007ffac2bac000 	C:\WINDOWS\SYSTEM32\CRYPTBASE.dll
0x000000005bb10000 - 0x000000005bb34000 	C:\Program Files\Java\jdk1.8.0_181\jre\bin\sunec.dll
0x000000005bb00000 - 0x000000005bb0b000 	C:\Program Files\Java\jdk1.8.0_181\jre\bin\sunmscapi.dll
0x00007ffac3c90000 - 0x00007ffac3df6000 	C:\WINDOWS\System32\CRYPT32.dll
0x00007ffac0db0000 - 0x00007ffac0fde000 	C:\WINDOWS\SYSTEM32\dbghelp.dll
0x00007ffac5590000 - 0x00007ffac5667000 	C:\WINDOWS\System32\OLEAUT32.dll

VM Arguments:
jvm_args: -Xverify:none -XX:TieredStopAtLevel=1 
java_command: com.example.customer.CustomerApplication
java_class_path (initial): E:\synch_training_spring\customer\target\classes;C:\Users\siddh\.m2\repository\org\springframework\kafka\spring-kafka\2.8.11\spring-kafka-2.8.11.jar;C:\Users\siddh\.m2\repository\org\springframework\spring-context\5.3.25\spring-context-5.3.25.jar;C:\Users\siddh\.m2\repository\org\springframework\spring-beans\5.3.25\spring-beans-5.3.25.jar;C:\Users\siddh\.m2\repository\org\springframework\spring-expression\5.3.25\spring-expression-5.3.25.jar;C:\Users\siddh\.m2\repository\org\springframework\spring-messaging\5.3.25\spring-messaging-5.3.25.jar;C:\Users\siddh\.m2\repository\org\springframework\spring-tx\5.3.25\spring-tx-5.3.25.jar;C:\Users\siddh\.m2\repository\org\springframework\retry\spring-retry\1.3.4\spring-retry-1.3.4.jar;C:\Users\siddh\.m2\repository\org\apache\kafka\kafka-clients\3.1.2\kafka-clients-3.1.2.jar;C:\Users\siddh\.m2\repository\com\github\luben\zstd-jni\1.5.0-4\zstd-jni-1.5.0-4.jar;C:\Users\siddh\.m2\repository\org\lz4\lz4-java\1.8.0\lz4-java-1.8.0.jar;C:\Users\siddh\.m2\repository\org\xerial\snappy\snappy-java\1.1.8.4\snappy-java-1.1.8.4.jar;C:\Users\siddh\.m2\repository\com\google\code\findbugs\jsr305\3.0.2\jsr305-3.0.2.jar;C:\Users\siddh\.m2\repository\io\confluent\kafka-avro-serializer\5.4.3\kafka-avro-serializer-5.4.3.jar;C:\Users\siddh\.m2\repository\io\confluent\common-config\5.4.3\common-config-5.4.3.jar;C:\Users\siddh\.m2\repository\io\confluent\common-utils\5.4.3\common-utils-5.4.3.jar;C:\Users\siddh\.m2\repository\io\confluent\kafka-schema-registry-client\5.4.3\kafka-schema-registry-client-5.4.3.jar;C:\Users\siddh\.m2\repository\io\swagger\swagger-annotations\1.5.22\swagger-annotations-1.5.22.jar;C:\Users\siddh\.m2\repository\io\swagger\swagger-core\1.6.2\swagger-core-1.6.2.jar;C:\Users\siddh\.m2\repository\org\apache\commons\commons-lang3\3.12.0\commons-lang3-3.12.0.jar;C:\Users\siddh\.m2\repository\com\fasterxml\jackson\dataformat\jackson-dataformat-yaml\2.13.4\jackson-dataformat-yaml-2.13.4.jar;C:\Users\siddh\
Launcher Type: SUN_STANDARD

Environment Variables:
JAVA_HOME=C:\Program Files\Java\jdk1.8.0_181
PATH=C:\Program Files (x86)\Common Files\Oracle\Java\javapath;C:\Program Files (x86)\Intel\Intel(R) Management Engine Components\iCLS\;C:\Program Files\Intel\Intel(R) Management Engine Components\iCLS\;C:\WINDOWS\system32;C:\WINDOWS;C:\WINDOWS\System32\Wbem;C:\WINDOWS\System32\WindowsPowerShell\v1.0\;C:\Program Files (x86)\Intel\Intel(R) Management Engine Components\DAL;C:\Program Files\Intel\Intel(R) Management Engine Components\DAL;C:\Program Files (x86)\Intel\Intel(R) Management Engine Components\IPT;C:\Program Files\Intel\Intel(R) Management Engine Components\IPT;C:\WINDOWS\System32\OpenSSH\;C:\Program Files\Java\jdk1.8.0_181\bin;C:\Program Files\TortoiseGit\bin;C:\Program Files\Git\cmd;C:\Program Files\apache-maven-3.8.7\bin;C:\kafka_2.13-2.5.0\bin\windows;C:\Program Files\PostgreSQL\14\bin;C:\Program Files\MySQL\MySQL Shell 8.0\bin\;C:\Users\siddh\AppData\Local\Microsoft\WindowsApps;C:\OpenSSL\bin;C:\Program Files\JetBrains\IntelliJ IDEA Community Edition 2022.3.1\bin;
USERNAME=siddh
OS=Windows_NT
PROCESSOR_IDENTIFIER=Intel64 Family 6 Model 142 Stepping 10, GenuineIntel



---------------  S Y S T E M  ---------------

OS: Windows 10.0 , 64 bit Build 22621 (10.0.22621.1194)

CPU:total 8 (initial active 8) (4 cores per cpu, 2 threads per core) family 6 model 142 stepping 10, cmov, cx8, fxsr, mmx, sse, sse2, sse3, ssse3, sse4.1, sse4.2, popcnt, avx, avx2, aes, clmul, erms, 3dnowpref, lzcnt, ht, tsc, tscinvbit, bmi1, bmi2, adx

Memory: 4k page, physical 8295652k(485772k free), swap 21949040k(3803592k free)

vm_info: Java HotSpot(TM) 64-Bit Server VM (25.181-b13) for windows-amd64 JRE (1.8.0_181-b13), built on Jul  7 2018 04:01:33 by "java_re" with MS VC++ 10.0 (VS2010)

time: Thu Feb 16 17:29:25 2023
elapsed time: 12 seconds (0d 0h 0m 12s)

